<?xml version="1.0" encoding="UTF-8"?>
<testng-results ignored="0" total="2" passed="1" failed="1" skipped="0">
  <reporter-output>
  </reporter-output>
  <suite started-at="2022-08-25T23:14:23 IST" name="Default suite" finished-at="2022-08-25T23:15:07 IST" duration-ms="43937">
    <groups>
    </groups>
    <test started-at="2022-08-25T23:14:23 IST" name="Default test" finished-at="2022-08-25T23:15:07 IST" duration-ms="43937">
      <class name="test.LoginPageTest">
        <test-method is-config="true" signature="addReports()[pri:0, instance:test.LoginPageTest@5b239d7d]" started-at="2022-08-25T23:14:23 IST" name="addReports" finished-at="2022-08-25T23:14:24 IST" duration-ms="1376" status="PASS">
          <reporter-output>
          </reporter-output>
        </test-method> <!-- addReports -->
        <test-method is-config="true" signature="LaunchBrowser()[pri:0, instance:test.LoginPageTest@5b239d7d]" started-at="2022-08-25T23:14:24 IST" name="LaunchBrowser" finished-at="2022-08-25T23:14:37 IST" duration-ms="12860" status="PASS">
          <reporter-output>
          </reporter-output>
        </test-method> <!-- LaunchBrowser -->
        <test-method signature="ZerodhaForgot()[pri:0, instance:test.LoginPageTest@5b239d7d]" started-at="2022-08-25T23:14:37 IST" name="ZerodhaForgot" finished-at="2022-08-25T23:14:41 IST" duration-ms="3858" status="PASS">
          <reporter-output>
          </reporter-output>
        </test-method> <!-- ZerodhaForgot -->
        <test-method is-config="true" signature="postTest(org.testng.ITestResult)[pri:0, instance:test.LoginPageTest@5b239d7d]" started-at="2022-08-25T23:14:41 IST" name="postTest" finished-at="2022-08-25T23:14:41 IST" duration-ms="8" status="PASS">
          <params>
            <param index="0">
              <value>
                <![CDATA[[TestResult name=ZerodhaForgot status=SUCCESS method=LoginPageTest.ZerodhaForgot()[pri:0, instance:test.LoginPageTest@5b239d7d] output={null}]]]>
              </value>
            </param>
          </params>
          <reporter-output>
          </reporter-output>
        </test-method> <!-- postTest -->
        <test-method is-config="true" signature="LaunchBrowser()[pri:0, instance:test.LoginPageTest@5b239d7d]" started-at="2022-08-25T23:14:41 IST" name="LaunchBrowser" finished-at="2022-08-25T23:14:49 IST" duration-ms="8400" status="PASS">
          <reporter-output>
          </reporter-output>
        </test-method> <!-- LaunchBrowser -->
        <test-method signature="ZerodhaLoginTest()[pri:0, instance:test.LoginPageTest@5b239d7d]" started-at="2022-08-25T23:14:49 IST" name="ZerodhaLoginTest" finished-at="2022-08-25T23:15:01 IST" duration-ms="11259" status="FAIL">
          <exception class="java.lang.AssertionError">
            <message>
              <![CDATA[expected [true] but found [false]]]>
            </message>
            <full-stacktrace>
              <![CDATA[java.lang.AssertionError: expected [true] but found [false]
at org.testng.Assert.fail(Assert.java:99)
at org.testng.Assert.failNotEquals(Assert.java:1037)
at org.testng.Assert.assertTrue(Assert.java:45)
at org.testng.Assert.assertTrue(Assert.java:55)
at test.LoginPageTest.ZerodhaLoginTest(LoginPageTest.java:59)
at java.base/jdk.internal.reflect.DirectMethodHandleAccessor.invoke(DirectMethodHandleAccessor.java:104)
at java.base/java.lang.reflect.Method.invoke(Method.java:577)
at org.testng.internal.MethodInvocationHelper.invokeMethod(MethodInvocationHelper.java:133)
at org.testng.internal.TestInvoker.invokeMethod(TestInvoker.java:598)
at org.testng.internal.TestInvoker.invokeTestMethod(TestInvoker.java:173)
at org.testng.internal.MethodRunner.runInSequence(MethodRunner.java:46)
at org.testng.internal.TestInvoker$MethodInvocationAgent.invoke(TestInvoker.java:824)
at org.testng.internal.TestInvoker.invokeTestMethods(TestInvoker.java:146)
at org.testng.internal.TestMethodWorker.invokeTestMethods(TestMethodWorker.java:146)
at org.testng.internal.TestMethodWorker.run(TestMethodWorker.java:128)
at java.base/java.util.ArrayList.forEach(ArrayList.java:1511)
at org.testng.TestRunner.privateRun(TestRunner.java:794)
at org.testng.TestRunner.run(TestRunner.java:596)
at org.testng.SuiteRunner.runTest(SuiteRunner.java:377)
at org.testng.SuiteRunner.runSequentially(SuiteRunner.java:371)
at org.testng.SuiteRunner.privateRun(SuiteRunner.java:332)
at org.testng.SuiteRunner.run(SuiteRunner.java:276)
at org.testng.SuiteRunnerWorker.runSuite(SuiteRunnerWorker.java:53)
at org.testng.SuiteRunnerWorker.run(SuiteRunnerWorker.java:96)
at org.testng.TestNG.runSuitesSequentially(TestNG.java:1212)
at org.testng.TestNG.runSuitesLocally(TestNG.java:1134)
at org.testng.TestNG.runSuites(TestNG.java:1063)
at org.testng.TestNG.run(TestNG.java:1031)
at org.testng.remote.AbstractRemoteTestNG.run(AbstractRemoteTestNG.java:115)
at org.testng.remote.RemoteTestNG.initAndRun(RemoteTestNG.java:251)
at org.testng.remote.RemoteTestNG.main(RemoteTestNG.java:77)
]]>
            </full-stacktrace>
          </exception> <!-- java.lang.AssertionError -->
          <reporter-output>
          </reporter-output>
        </test-method> <!-- ZerodhaLoginTest -->
        <test-method is-config="true" signature="postTest(org.testng.ITestResult)[pri:0, instance:test.LoginPageTest@5b239d7d]" started-at="2022-08-25T23:15:01 IST" name="postTest" finished-at="2022-08-25T23:15:01 IST" duration-ms="1" status="PASS">
          <params>
            <param index="0">
              <value>
                <![CDATA[[TestResult name=ZerodhaLoginTest status=FAILURE method=LoginPageTest.ZerodhaLoginTest()[pri:0, instance:test.LoginPageTest@5b239d7d] output={null}]]]>
              </value>
            </param>
          </params>
          <reporter-output>
          </reporter-output>
        </test-method> <!-- postTest -->
        <test-method is-config="true" signature="flushReports()[pri:0, instance:test.LoginPageTest@5b239d7d]" started-at="2022-08-25T23:15:01 IST" name="flushReports" finished-at="2022-08-25T23:15:07 IST" duration-ms="5874" status="PASS">
          <reporter-output>
          </reporter-output>
        </test-method> <!-- flushReports -->
      </class> <!-- test.LoginPageTest -->
    </test> <!-- Default test -->
  </suite> <!-- Default suite -->
</testng-results>
